<?xml version="1.0" encoding="UTF-8"?>
<testng-results skipped="0" failed="0" ignored="0" total="1" passed="1">
  <reporter-output>
  </reporter-output>
  <suite name="Default suite" duration-ms="20100" started-at="2022-03-18T12:17:22 CST" finished-at="2022-03-18T12:17:42 CST">
    <groups>
    </groups>
    <test name="Default test" duration-ms="20100" started-at="2022-03-18T12:17:22 CST" finished-at="2022-03-18T12:17:42 CST">
      <class name="org.java.testing.tests.AddToCart">
        <test-method status="PASS" signature="LogIn()[pri:0, instance:org.java.testing.tests.AddToCart@6b9651f3]" name="LogIn" duration-ms="20066" started-at="2022-03-18T12:17:22 CST" finished-at="2022-03-18T12:17:42 CST">
          <reporter-output>
          </reporter-output>
        </test-method> <!-- LogIn -->
      </class> <!-- org.java.testing.tests.AddToCart -->
    </test> <!-- Default test -->
  </suite> <!-- Default suite -->
</testng-results>
